<?xml version="1.0" encoding="UTF-8"?>
<!-- Generated by org.testng.reporters.JUnitReportReporter -->
<testsuite skipped="0" hostname="OBHAGWAT2D1" name="com.ptc.DataProviderClass" tests="2" failures="0" timestamp="19 Mar 2018 09:26:24 GMT" time="0.016" errors="0">
  <testcase name="loginTest" time="0.015" classname="com.ptc.DataProviderClass"/>
  <testcase name="loginTest" time="0.001" classname="com.ptc.DataProviderClass"/>
</testsuite> <!-- com.ptc.DataProviderClass -->
