<?xml version="1.0" encoding="UTF-8"?>
<!-- Generated by org.testng.reporters.JUnitReportReporter -->
<testsuite skipped="0" hostname="OBHAGWAT2D1" name="com.ptc.MyFirstTest" tests="1" failures="0" timestamp="19 Mar 2018 09:18:01 GMT" time="0.001" errors="0">
  <testcase name="MyFirstTest1" time="0.001" classname="com.ptc.MyFirstTest"/>
</testsuite> <!-- com.ptc.MyFirstTest -->
