<?xml version="1.0" encoding="UTF-8"?>
<!-- Generated by org.testng.reporters.JUnitReportReporter -->
<testsuite skipped="0" hostname="OBHAGWAT2D1" name="com.ptc.thirstest" tests="1" failures="0" timestamp="19 Mar 2018 09:26:24 GMT" time="0.001" errors="0">
  <testcase name="thirstest3" time="0.001" classname="com.ptc.thirstest"/>
</testsuite> <!-- com.ptc.thirstest -->
